Node list                    : node060
Number of nodes allocated    : 1 or 1
Number of threads or processes: 
Requested CPUs per task      : 4
Scheduling priority          : 0
compiling openmp_gauss.c to openmp_gauss.exe

------------------------------------
using 4 OpenMP threads


Multiple execution..



This is running process 1
The size of the matrix is 500*500

Initializing...
 
------------------------------------
execute time: 0.217756 s.
------------------------------------------------------------------------



This is running process 2
The size of the matrix is 500*500

Initializing...
 
------------------------------------
execute time: 0.008653 s.
------------------------------------------------------------------------



This is running process 3
The size of the matrix is 500*500

Initializing...
 
------------------------------------
execute time: 0.127068 s.
------------------------------------------------------------------------



This is running process 4
The size of the matrix is 500*500

Initializing...
 
------------------------------------
execute time: 0.117751 s.
------------------------------------------------------------------------



This is running process 5
The size of the matrix is 500*500

Initializing...
 
------------------------------------
execute time: 0.008261 s.
------------------------------------------------------------------------


