Node list                    : node060
Number of nodes allocated    : 1 or 1
Number of threads or processes : 8
Number of processes per node : 8
Scheduling priority          : 0
compiling mpi.c to mpi.exe


compiling for 8 MPI processes
------------------------------------------------------------------------
This is running process 1
The size of the matrix is 500*500

Initializing...

execute time: 0.020044
running complete
------------------------------------------------------------------------
This is running process 2
The size of the matrix is 500*500

Initializing...

execute time: 0.019146
running complete
------------------------------------------------------------------------
This is running process 3
The size of the matrix is 500*500

Initializing...

execute time: 0.020040
running complete
------------------------------------------------------------------------
This is running process 4
The size of the matrix is 500*500

Initializing...

execute time: 0.020273
running complete
------------------------------------------------------------------------
This is running process 5
The size of the matrix is 500*500

Initializing...

execute time: 0.020144
running complete
------------------------------------------------------------------------
