Node list                    : node060
Number of nodes allocated    : 1 or 1
Number of threads or processes : 2
Number of processes per node : 2
Scheduling priority          : 0
compiling mpi.c to mpi.exe


compiling for 2 MPI processes

Initializing...

Solution Vector (x):

|0.027325|
|6.286061|
|0.793450|
|7.367589|
|-2.434416|
|11.704566|
|-10.416603|
|7.374407|
|-12.059999|
|6.071523|
|-25.123920|
|9.546136|
|21.260903|
|-3.029644|
|6.023401|
|-9.126892|
|-9.578754|
|-10.747502|
|11.195716|
|-16.561177|
|-2.864533|
|-22.822527|
|19.353455|
|6.702960|
|4.577025|
|-11.085221|
|2.869298|
|-0.953529|
|6.055981|
|-20.381446|
|9.020263|
|14.714621|
|0.458645|
|1.197397|
|1.759224|
|-6.543396|
|24.396332|
|-14.388369|
|-3.783037|
|2.165186|
|18.964379|
|7.309633|
|-4.190448|
|1.210232|
|3.478129|
|14.860186|
|11.985784|
|14.292770|
|-6.409024|
|-0.635934|
|-6.809510|
|21.851513|
|-16.688762|
|3.214396|
|-4.331723|
|-6.321248|
|2.978631|
|11.860776|
|10.470342|
|5.763087|
|-11.576061|
|13.954962|
|0.971784|
|0.799295|
|-10.943025|
|-10.000659|
|-6.099704|
|-23.691962|
|-0.450049|
|-10.970617|
|5.803596|
|-5.334757|
|9.053247|
|15.671782|
|10.202272|
|1.883847|
|1.936303|
|21.049006|
|-12.338658|
|-3.416724|
|-10.934008|
|-12.978594|
|-8.045512|
|0.842842|
|12.765514|
|11.400053|
|5.308972|
|0.422346|
|-9.049400|
|-2.599775|
|8.517847|
|-3.635218|
|8.838785|
|-3.983741|
|12.883856|
|14.936179|
|-8.790494|
|3.837196|
|1.301901|
|5.357713|
|-22.068070|
|-6.304464|
|-0.196853|
|5.514698|
|-11.709998|
|12.131294|
|25.950305|
|-5.307957|
|7.952267|
|-15.042530|
|13.110392|
|-16.865162|
|-10.789267|
|2.763330|
|11.933426|
|-3.212411|
|-4.157952|
|-13.928659|
|-28.013054|
|6.708910|
|-14.472944|
|-12.516692|
|-1.881762|
|-18.143544|
|-10.354566|
|-13.228171|
|35.430165|
|-0.780021|
|-0.087557|
|8.922793|
|-8.231498|
|-2.533545|
|6.017459|
|-15.450355|
|26.980711|
|15.600933|
|-5.080585|
|9.189734|
|-4.712290|
|4.016083|
|2.273542|
|-16.165881|
|6.890881|
|16.386423|
|-5.265607|
|2.849404|
|1.643078|
|-11.492002|
|20.254177|
|-1.820030|
|1.001369|
|-0.695317|
|24.820622|
|7.861598|
|3.907684|
|-6.904681|
|11.761713|
|-13.990761|
|10.570618|
|-4.084072|
|5.777380|
|10.283021|
|1.759011|
|2.669201|
|0.106663|
|1.350230|
|-4.669482|
|-9.922635|
|-12.888511|
|11.414550|
|9.197482|
|20.832006|
|-6.456935|
|5.088100|
|-7.805047|
|11.273493|
|18.556420|
|-12.809420|
|-4.103282|
|-15.557805|
|18.166261|
|-10.041784|
|-4.769301|
|24.751573|
|-27.506673|
|-4.811703|
|6.836484|
|32.942896|
|8.819295|
|2.400389|
|-5.505955|
|-9.427151|
|8.116296|
|-9.226334|
|10.660411|
|12.591996|
|-5.975686|
|2.607859|
|-11.472201|
|-2.202394|
|-6.624713|
|8.305550|
|16.568832|
|0.517748|
|16.094413|
|18.815025|
|-15.883717|
|-0.130920|
|2.632719|
|9.047327|
|0.588950|
|-7.693396|
|10.459315|
|-19.679049|
|5.302045|
|14.575296|
|14.691737|
|1.076374|
|-19.457531|
|10.628611|
|10.003518|
|3.762909|
|-16.380266|
|-6.891454|
|11.647594|
|-2.439504|
|-28.571944|
|-11.187136|
|-4.392732|
|0.559530|
|16.673053|
|-13.835412|
|-4.555803|
|12.439059|
|13.637505|
|-10.191505|
|18.438005|
|0.648352|
|-0.126206|
|-1.585434|
|-0.337825|
|2.272982|
|0.776613|
|6.337570|
|-12.159374|
|-0.287486|
|1.230628|
|8.574164|
|-9.660553|
|-2.365851|
|7.678247|
|29.630552|
|3.039179|
|12.226620|
|-21.693872|
|4.354204|
|7.286156|
|3.639128|
|-8.285349|
|16.551240|
|6.005670|
|-3.169957|
|7.117117|
|-3.524004|
|7.961254|
|-28.050142|
|-11.072492|
|-8.676962|
|3.136734|
|-0.650758|
|6.913046|
|-5.125531|
|-3.166159|
|-17.598132|
|13.531553|
|-11.944246|
|-6.635815|
|9.266981|
|-12.930963|
|-17.382979|
|-0.435691|
|1.631469|
|17.631191|
|2.982834|
|16.317268|
|7.833925|
|19.524132|
|-8.981894|
|-3.248204|
|4.147887|
|-2.813920|
|6.247414|
|-5.582679|
|-6.417285|
|-3.908858|
|15.143953|
|-4.296693|
|-0.527144|
|-3.769341|
|-19.917274|
|-4.794655|
|7.691467|
|-8.383244|
|-13.221635|
|-5.949323|
|13.657139|
|13.702240|
|9.460380|
|1.276680|
|20.944173|
|4.849690|
|-12.922447|
|-6.083292|
|-19.186996|
|7.969966|
|7.806662|
|-10.565158|
|7.381339|
|14.153845|
|-16.496982|
|1.462806|
|-4.466987|
|15.453157|
|-19.809650|
|12.472037|
|3.019561|
|2.166224|
|11.769127|
|1.224348|
|-7.869669|
|-0.204324|
|-15.529554|
|-9.418349|
|-6.474838|
|-1.705719|
|9.887760|
|-5.006663|
|7.658259|
|10.642879|
|-20.345742|
|3.084164|
|7.238335|
|-0.268723|
|-13.294922|
|-9.797249|
|-20.365007|
|12.567308|
|9.471163|
|-5.773463|
|-18.422918|
|-7.659300|
|5.888775|
|6.085219|
|19.551612|
|-10.282281|
|-15.873292|
|3.712692|
|-1.221717|
|12.054208|
|11.196706|
|-9.686536|
|23.048967|
|-5.854716|
|3.565112|
|5.307701|
|-15.433913|
|-2.044525|
|2.045518|
|4.660920|
|-3.142910|
|23.311606|
|-15.155404|
|1.770748|
|0.834706|
|-1.341387|
|-14.010172|
|-6.911213|
|6.564159|
|5.961788|
|-1.787289|
|9.263381|
|14.231752|
|-31.375190|
|-12.061895|
|-1.805661|
|-4.181052|
|2.970715|
|-11.045973|
|10.306494|
|-2.019585|
|-16.561113|
|8.030162|
|-13.957326|
|9.860804|
|-0.558403|
|-4.081904|
|-1.776080|
|5.141714|
|-2.373823|
|15.136025|
|2.243211|
|-13.192791|
|16.008480|
|-5.239561|
|-11.097370|
|0.670728|
|-8.636650|
|-12.672399|
|-11.633865|
|0.285751|
|-6.730933|
|13.981716|
|13.884009|
|-2.233296|
|8.200054|
|-29.972542|
|-3.737562|
|18.495377|
|10.857838|
|5.368181|
|-6.687868|
|-4.135589|
|-2.565148|
|2.409590|
|13.608312|
|0.181750|
|-7.290993|
|-13.435772|
|-3.059447|
|-17.276744|
|1.022565|
|-16.080825|
|12.224071|
|-8.277193|
|3.996780|
|0.399661|
|21.979507|
|-21.410878|
|4.037234|
|-27.960170|
|8.766485|
|-11.573074|
|4.802607|
|-17.646095|
|9.329446|
|-7.359014|
|6.048932|
|0.321613|
|5.212619|
|-1.511772|
|2.652796|
|5.423760|
|-9.776758|
|-9.637397|
|18.516344|
|1.721934|
|3.665520|
|-14.023047|
|-18.073332|
|-4.388810|
|-12.612747|
|7.407829|
|-1.019965|
|-20.555017|
|16.128133|
|11.958498|
|-2.915055|
|12.445820|
|-13.133052|
|4.776952|
|-24.884044|
|-15.889316|
|-3.755228|
|9.036248|
|-9.267691|
|-20.458398|
|3.349784|
|9.106604|
|10.466753|
|-14.666297|
|6.283985|
|-8.886133|
|-15.148175|
|11.082494|
|19.556174|
|0.154795|
|-0.247395|
|-3.132796|
|20.533988|
|-18.602058|
|-7.585301|
|3.184143|
|-11.076675|
|-2.989938|
|3.346609|
|11.187083|
|-8.895901|
|21.032215|
|-15.806301|
|-0.357547|

execute time: 0.206088
------------------------------------------------------------------------

Initializing...

Solution Vector (x):

|0.027325|
|6.286061|
|0.793450|
|7.367589|
|-2.434416|
|11.704566|
|-10.416603|
|7.374407|
|-12.059999|
|6.071523|
|-25.123920|
|9.546136|
|21.260903|
|-3.029644|
|6.023401|
|-9.126892|
|-9.578754|
|-10.747502|
|11.195716|
|-16.561177|
|-2.864533|
|-22.822527|
|19.353455|
|6.702960|
|4.577025|
|-11.085221|
|2.869298|
|-0.953529|
|6.055981|
|-20.381446|
|9.020263|
|14.714621|
|0.458645|
|1.197397|
|1.759224|
|-6.543396|
|24.396332|
|-14.388369|
|-3.783037|
|2.165186|
|18.964379|
|7.309633|
|-4.190448|
|1.210232|
|3.478129|
|14.860186|
|11.985784|
|14.292770|
|-6.409024|
|-0.635934|
|-6.809510|
|21.851513|
|-16.688762|
|3.214396|
|-4.331723|
|-6.321248|
|2.978631|
|11.860776|
|10.470342|
|5.763087|
|-11.576061|
|13.954962|
|0.971784|
|0.799295|
|-10.943025|
|-10.000659|
|-6.099704|
|-23.691962|
|-0.450049|
|-10.970617|
|5.803596|
|-5.334757|
|9.053247|
|15.671782|
|10.202272|
|1.883847|
|1.936303|
|21.049006|
|-12.338658|
|-3.416724|
|-10.934008|
|-12.978594|
|-8.045512|
|0.842842|
|12.765514|
|11.400053|
|5.308972|
|0.422346|
|-9.049400|
|-2.599775|
|8.517847|
|-3.635218|
|8.838785|
|-3.983741|
|12.883856|
|14.936179|
|-8.790494|
|3.837196|
|1.301901|
|5.357713|
|-22.068070|
|-6.304464|
|-0.196853|
|5.514698|
|-11.709998|
|12.131294|
|25.950305|
|-5.307957|
|7.952267|
|-15.042530|
|13.110392|
|-16.865162|
|-10.789267|
|2.763330|
|11.933426|
|-3.212411|
|-4.157952|
|-13.928659|
|-28.013054|
|6.708910|
|-14.472944|
|-12.516692|
|-1.881762|
|-18.143544|
|-10.354566|
|-13.228171|
|35.430165|
|-0.780021|
|-0.087557|
|8.922793|
|-8.231498|
|-2.533545|
|6.017459|
|-15.450355|
|26.980711|
|15.600933|
|-5.080585|
|9.189734|
|-4.712290|
|4.016083|
|2.273542|
|-16.165881|
|6.890881|
|16.386423|
|-5.265607|
|2.849404|
|1.643078|
|-11.492002|
|20.254177|
|-1.820030|
|1.001369|
|-0.695317|
|24.820622|
|7.861598|
|3.907684|
|-6.904681|
|11.761713|
|-13.990761|
|10.570618|
|-4.084072|
|5.777380|
|10.283021|
|1.759011|
|2.669201|
|0.106663|
|1.350230|
|-4.669482|
|-9.922635|
|-12.888511|
|11.414550|
|9.197482|
|20.832006|
|-6.456935|
|5.088100|
|-7.805047|
|11.273493|
|18.556420|
|-12.809420|
|-4.103282|
|-15.557805|
|18.166261|
|-10.041784|
|-4.769301|
|24.751573|
|-27.506673|
|-4.811703|
|6.836484|
|32.942896|
|8.819295|
|2.400389|
|-5.505955|
|-9.427151|
|8.116296|
|-9.226334|
|10.660411|
|12.591996|
|-5.975686|
|2.607859|
|-11.472201|
|-2.202394|
|-6.624713|
|8.305550|
|16.568832|
|0.517748|
|16.094413|
|18.815025|
|-15.883717|
|-0.130920|
|2.632719|
|9.047327|
|0.588950|
|-7.693396|
|10.459315|
|-19.679049|
|5.302045|
|14.575296|
|14.691737|
|1.076374|
|-19.457531|
|10.628611|
|10.003518|
|3.762909|
|-16.380266|
|-6.891454|
|11.647594|
|-2.439504|
|-28.571944|
|-11.187136|
|-4.392732|
|0.559530|
|16.673053|
|-13.835412|
|-4.555803|
|12.439059|
|13.637505|
|-10.191505|
|18.438005|
|0.648352|
|-0.126206|
|-1.585434|
|-0.337825|
|2.272982|
|0.776613|
|6.337570|
|-12.159374|
|-0.287486|
|1.230628|
|8.574164|
|-9.660553|
|-2.365851|
|7.678247|
|29.630552|
|3.039179|
|12.226620|
|-21.693872|
|4.354204|
|7.286156|
|3.639128|
|-8.285349|
|16.551240|
|6.005670|
|-3.169957|
|7.117117|
|-3.524004|
|7.961254|
|-28.050142|
|-11.072492|
|-8.676962|
|3.136734|
|-0.650758|
|6.913046|
|-5.125531|
|-3.166159|
|-17.598132|
|13.531553|
|-11.944246|
|-6.635815|
|9.266981|
|-12.930963|
|-17.382979|
|-0.435691|
|1.631469|
|17.631191|
|2.982834|
|16.317268|
|7.833925|
|19.524132|
|-8.981894|
|-3.248204|
|4.147887|
|-2.813920|
|6.247414|
|-5.582679|
|-6.417285|
|-3.908858|
|15.143953|
|-4.296693|
|-0.527144|
|-3.769341|
|-19.917274|
|-4.794655|
|7.691467|
|-8.383244|
|-13.221635|
|-5.949323|
|13.657139|
|13.702240|
|9.460380|
|1.276680|
|20.944173|
|4.849690|
|-12.922447|
|-6.083292|
|-19.186996|
|7.969966|
|7.806662|
|-10.565158|
|7.381339|
|14.153845|
|-16.496982|
|1.462806|
|-4.466987|
|15.453157|
|-19.809650|
|12.472037|
|3.019561|
|2.166224|
|11.769127|
|1.224348|
|-7.869669|
|-0.204324|
|-15.529554|
|-9.418349|
|-6.474838|
|-1.705719|
|9.887760|
|-5.006663|
|7.658259|
|10.642879|
|-20.345742|
|3.084164|
|7.238335|
|-0.268723|
|-13.294922|
|-9.797249|
|-20.365007|
|12.567308|
|9.471163|
|-5.773463|
|-18.422918|
|-7.659300|
|5.888775|
|6.085219|
|19.551612|
|-10.282281|
|-15.873292|
|3.712692|
|-1.221717|
|12.054208|
|11.196706|
|-9.686536|
|23.048967|
|-5.854716|
|3.565112|
|5.307701|
|-15.433913|
|-2.044525|
|2.045518|
|4.660920|
|-3.142910|
|23.311606|
|-15.155404|
|1.770748|
|0.834706|
|-1.341387|
|-14.010172|
|-6.911213|
|6.564159|
|5.961788|
|-1.787289|
|9.263381|
|14.231752|
|-31.375190|
|-12.061895|
|-1.805661|
|-4.181052|
|2.970715|
|-11.045973|
|10.306494|
|-2.019585|
|-16.561113|
|8.030162|
|-13.957326|
|9.860804|
|-0.558403|
|-4.081904|
|-1.776080|
|5.141714|
|-2.373823|
|15.136025|
|2.243211|
|-13.192791|
|16.008480|
|-5.239561|
|-11.097370|
|0.670728|
|-8.636650|
|-12.672399|
|-11.633865|
|0.285751|
|-6.730933|
|13.981716|
|13.884009|
|-2.233296|
|8.200054|
|-29.972542|
|-3.737562|
|18.495377|
|10.857838|
|5.368181|
|-6.687868|
|-4.135589|
|-2.565148|
|2.409590|
|13.608312|
|0.181750|
|-7.290993|
|-13.435772|
|-3.059447|
|-17.276744|
|1.022565|
|-16.080825|
|12.224071|
|-8.277193|
|3.996780|
|0.399661|
|21.979507|
|-21.410878|
|4.037234|
|-27.960170|
|8.766485|
|-11.573074|
|4.802607|
|-17.646095|
|9.329446|
|-7.359014|
|6.048932|
|0.321613|
|5.212619|
|-1.511772|
|2.652796|
|5.423760|
|-9.776758|
|-9.637397|
|18.516344|
|1.721934|
|3.665520|
|-14.023047|
|-18.073332|
|-4.388810|
|-12.612747|
|7.407829|
|-1.019965|
|-20.555017|
|16.128133|
|11.958498|
|-2.915055|
|12.445820|
|-13.133052|
|4.776952|
|-24.884044|
|-15.889316|
|-3.755228|
|9.036248|
|-9.267691|
|-20.458398|
|3.349784|
|9.106604|
|10.466753|
|-14.666297|
|6.283985|
|-8.886133|
|-15.148175|
|11.082494|
|19.556174|
|0.154795|
|-0.247395|
|-3.132796|
|20.533988|
|-18.602058|
|-7.585301|
|3.184143|
|-11.076675|
|-2.989938|
|3.346609|
|11.187083|
|-8.895901|
|21.032215|
|-15.806301|
|-0.357547|

execute time: 0.179146
------------------------------------------------------------------------

Initializing...

Solution Vector (x):

|0.027325|
|6.286061|
|0.793450|
|7.367589|
|-2.434416|
|11.704566|
|-10.416603|
|7.374407|
|-12.059999|
|6.071523|
|-25.123920|
|9.546136|
|21.260903|
|-3.029644|
|6.023401|
|-9.126892|
|-9.578754|
|-10.747502|
|11.195716|
|-16.561177|
|-2.864533|
|-22.822527|
|19.353455|
|6.702960|
|4.577025|
|-11.085221|
|2.869298|
|-0.953529|
|6.055981|
|-20.381446|
|9.020263|
|14.714621|
|0.458645|
|1.197397|
|1.759224|
|-6.543396|
|24.396332|
|-14.388369|
|-3.783037|
|2.165186|
|18.964379|
|7.309633|
|-4.190448|
|1.210232|
|3.478129|
|14.860186|
|11.985784|
|14.292770|
|-6.409024|
|-0.635934|
|-6.809510|
|21.851513|
|-16.688762|
|3.214396|
|-4.331723|
|-6.321248|
|2.978631|
|11.860776|
|10.470342|
|5.763087|
|-11.576061|
|13.954962|
|0.971784|
|0.799295|
|-10.943025|
|-10.000659|
|-6.099704|
|-23.691962|
|-0.450049|
|-10.970617|
|5.803596|
|-5.334757|
|9.053247|
|15.671782|
|10.202272|
|1.883847|
|1.936303|
|21.049006|
|-12.338658|
|-3.416724|
|-10.934008|
|-12.978594|
|-8.045512|
|0.842842|
|12.765514|
|11.400053|
|5.308972|
|0.422346|
|-9.049400|
|-2.599775|
|8.517847|
|-3.635218|
|8.838785|
|-3.983741|
|12.883856|
|14.936179|
|-8.790494|
|3.837196|
|1.301901|
|5.357713|
|-22.068070|
|-6.304464|
|-0.196853|
|5.514698|
|-11.709998|
|12.131294|
|25.950305|
|-5.307957|
|7.952267|
|-15.042530|
|13.110392|
|-16.865162|
|-10.789267|
|2.763330|
|11.933426|
|-3.212411|
|-4.157952|
|-13.928659|
|-28.013054|
|6.708910|
|-14.472944|
|-12.516692|
|-1.881762|
|-18.143544|
|-10.354566|
|-13.228171|
|35.430165|
|-0.780021|
|-0.087557|
|8.922793|
|-8.231498|
|-2.533545|
|6.017459|
|-15.450355|
|26.980711|
|15.600933|
|-5.080585|
|9.189734|
|-4.712290|
|4.016083|
|2.273542|
|-16.165881|
|6.890881|
|16.386423|
|-5.265607|
|2.849404|
|1.643078|
|-11.492002|
|20.254177|
|-1.820030|
|1.001369|
|-0.695317|
|24.820622|
|7.861598|
|3.907684|
|-6.904681|
|11.761713|
|-13.990761|
|10.570618|
|-4.084072|
|5.777380|
|10.283021|
|1.759011|
|2.669201|
|0.106663|
|1.350230|
|-4.669482|
|-9.922635|
|-12.888511|
|11.414550|
|9.197482|
|20.832006|
|-6.456935|
|5.088100|
|-7.805047|
|11.273493|
|18.556420|
|-12.809420|
|-4.103282|
|-15.557805|
|18.166261|
|-10.041784|
|-4.769301|
|24.751573|
|-27.506673|
|-4.811703|
|6.836484|
|32.942896|
|8.819295|
|2.400389|
|-5.505955|
|-9.427151|
|8.116296|
|-9.226334|
|10.660411|
|12.591996|
|-5.975686|
|2.607859|
|-11.472201|
|-2.202394|
|-6.624713|
|8.305550|
|16.568832|
|0.517748|
|16.094413|
|18.815025|
|-15.883717|
|-0.130920|
|2.632719|
|9.047327|
|0.588950|
|-7.693396|
|10.459315|
|-19.679049|
|5.302045|
|14.575296|
|14.691737|
|1.076374|
|-19.457531|
|10.628611|
|10.003518|
|3.762909|
|-16.380266|
|-6.891454|
|11.647594|
|-2.439504|
|-28.571944|
|-11.187136|
|-4.392732|
|0.559530|
|16.673053|
|-13.835412|
|-4.555803|
|12.439059|
|13.637505|
|-10.191505|
|18.438005|
|0.648352|
|-0.126206|
|-1.585434|
|-0.337825|
|2.272982|
|0.776613|
|6.337570|
|-12.159374|
|-0.287486|
|1.230628|
|8.574164|
|-9.660553|
|-2.365851|
|7.678247|
|29.630552|
|3.039179|
|12.226620|
|-21.693872|
|4.354204|
|7.286156|
|3.639128|
|-8.285349|
|16.551240|
|6.005670|
|-3.169957|
|7.117117|
|-3.524004|
|7.961254|
|-28.050142|
|-11.072492|
|-8.676962|
|3.136734|
|-0.650758|
|6.913046|
|-5.125531|
|-3.166159|
|-17.598132|
|13.531553|
|-11.944246|
|-6.635815|
|9.266981|
|-12.930963|
|-17.382979|
|-0.435691|
|1.631469|
|17.631191|
|2.982834|
|16.317268|
|7.833925|
|19.524132|
|-8.981894|
|-3.248204|
|4.147887|
|-2.813920|
|6.247414|
|-5.582679|
|-6.417285|
|-3.908858|
|15.143953|
|-4.296693|
|-0.527144|
|-3.769341|
|-19.917274|
|-4.794655|
|7.691467|
|-8.383244|
|-13.221635|
|-5.949323|
|13.657139|
|13.702240|
|9.460380|
|1.276680|
|20.944173|
|4.849690|
|-12.922447|
|-6.083292|
|-19.186996|
|7.969966|
|7.806662|
|-10.565158|
|7.381339|
|14.153845|
|-16.496982|
|1.462806|
|-4.466987|
|15.453157|
|-19.809650|
|12.472037|
|3.019561|
|2.166224|
|11.769127|
|1.224348|
|-7.869669|
|-0.204324|
|-15.529554|
|-9.418349|
|-6.474838|
|-1.705719|
|9.887760|
|-5.006663|
|7.658259|
|10.642879|
|-20.345742|
|3.084164|
|7.238335|
|-0.268723|
|-13.294922|
|-9.797249|
|-20.365007|
|12.567308|
|9.471163|
|-5.773463|
|-18.422918|
|-7.659300|
|5.888775|
|6.085219|
|19.551612|
|-10.282281|
|-15.873292|
|3.712692|
|-1.221717|
|12.054208|
|11.196706|
|-9.686536|
|23.048967|
|-5.854716|
|3.565112|
|5.307701|
|-15.433913|
|-2.044525|
|2.045518|
|4.660920|
|-3.142910|
|23.311606|
|-15.155404|
|1.770748|
|0.834706|
|-1.341387|
|-14.010172|
|-6.911213|
|6.564159|
|5.961788|
|-1.787289|
|9.263381|
|14.231752|
|-31.375190|
|-12.061895|
|-1.805661|
|-4.181052|
|2.970715|
|-11.045973|
|10.306494|
|-2.019585|
|-16.561113|
|8.030162|
|-13.957326|
|9.860804|
|-0.558403|
|-4.081904|
|-1.776080|
|5.141714|
|-2.373823|
|15.136025|
|2.243211|
|-13.192791|
|16.008480|
|-5.239561|
|-11.097370|
|0.670728|
|-8.636650|
|-12.672399|
|-11.633865|
|0.285751|
|-6.730933|
|13.981716|
|13.884009|
|-2.233296|
|8.200054|
|-29.972542|
|-3.737562|
|18.495377|
|10.857838|
|5.368181|
|-6.687868|
|-4.135589|
|-2.565148|
|2.409590|
|13.608312|
|0.181750|
|-7.290993|
|-13.435772|
|-3.059447|
|-17.276744|
|1.022565|
|-16.080825|
|12.224071|
|-8.277193|
|3.996780|
|0.399661|
|21.979507|
|-21.410878|
|4.037234|
|-27.960170|
|8.766485|
|-11.573074|
|4.802607|
|-17.646095|
|9.329446|
|-7.359014|
|6.048932|
|0.321613|
|5.212619|
|-1.511772|
|2.652796|
|5.423760|
|-9.776758|
|-9.637397|
|18.516344|
|1.721934|
|3.665520|
|-14.023047|
|-18.073332|
|-4.388810|
|-12.612747|
|7.407829|
|-1.019965|
|-20.555017|
|16.128133|
|11.958498|
|-2.915055|
|12.445820|
|-13.133052|
|4.776952|
|-24.884044|
|-15.889316|
|-3.755228|
|9.036248|
|-9.267691|
|-20.458398|
|3.349784|
|9.106604|
|10.466753|
|-14.666297|
|6.283985|
|-8.886133|
|-15.148175|
|11.082494|
|19.556174|
|0.154795|
|-0.247395|
|-3.132796|
|20.533988|
|-18.602058|
|-7.585301|
|3.184143|
|-11.076675|
|-2.989938|
|3.346609|
|11.187083|
|-8.895901|
|21.032215|
|-15.806301|
|-0.357547|

execute time: 0.207571
------------------------------------------------------------------------
