Node list                    : node060
Number of nodes allocated    : 1 or 1
Number of threads or processes : 4
Number of processes per node : 4
Scheduling priority          : 0
compiling mpi.c to mpi.exe


compiling for 4 MPI processes
------------------------------------------------------------------------
This is running process 1
The size of the matrix is 500*500

Initializing...

execute time: 0.042262
running complete
------------------------------------------------------------------------
This is running process 2
The size of the matrix is 500*500

Initializing...

execute time: 0.042423
running complete
------------------------------------------------------------------------
This is running process 3
The size of the matrix is 500*500

Initializing...

execute time: 0.052874
running complete
------------------------------------------------------------------------
This is running process 4
The size of the matrix is 500*500

Initializing...

execute time: 0.042264
running complete
------------------------------------------------------------------------
This is running process 5
The size of the matrix is 500*500

Initializing...

execute time: 0.043095
running complete
------------------------------------------------------------------------
