Node list                    : node060
Number of nodes allocated    : 1 or 1
Number of threads or processes : 16
Number of processes per node : 16
Scheduling priority          : 0
compiling mpi.c to mpi.exe


compiling for 16 MPI processes
------------------------------------------------------------------------
This is running process 1
The size of the matrix is 500*500

Initializing...

execute time: 0.029635
running complete
------------------------------------------------------------------------
This is running process 2
The size of the matrix is 500*500

Initializing...

execute time: 0.030316
running complete
------------------------------------------------------------------------
This is running process 3
The size of the matrix is 500*500

Initializing...

execute time: 0.032539
running complete
------------------------------------------------------------------------
This is running process 4
The size of the matrix is 500*500

Initializing...

execute time: 0.034166
running complete
------------------------------------------------------------------------
This is running process 5
The size of the matrix is 500*500

Initializing...

execute time: 0.030338
running complete
------------------------------------------------------------------------
